accountsservice					install
acl						install
adduser						install
aglfn						install
alsa-utils					install
anacron						install
app-install-data				install
apport						install
apport-gtk					install
apport-symptoms					install
apt						install
apt-transport-https				install
apt-utils					install
apt-xapian-index				install
aptdaemon					install
aptdaemon-data					install
aspell						install
aspell-en					install
at-spi2-core					install
attr						install
autoconf					install
automake					install
autotools-dev					install
avrdude						install
base-files					install
base-passwd					install
bash						install
bash-completion					install
binfmt-support					install
binutils					install
bsdmainutils					install
bsdutils					install
build-essential					install
busybox-initramfs				install
bzip2						install
bzr						install
ca-certificates					install
ca-certificates-java				install
cabextract					install
caffeine					install
chromium-browser				install
chromium-browser-l10n				install
chromium-codecs-ffmpeg-extra			install
cmake						install
cmake-data					install
collada-dom-dev					install
collada-dom2.4-dp-base				install
collada-dom2.4-dp-dev				install
colord						install
comerr-dev					install
command-not-found-data				install
compiz						deinstall
compiz-core					deinstall
compiz-gnome					deinstall
console-setup					install
consolekit					install
conveyor					install
conveyor-common					install
conveyor-ui					install
coreutils					install
cpio						install
cpp						install
cpp-4.8						install
cron						install
crouton-network-manager				install
cscope						install
cups-bsd					install
cups-client					install
cups-common					install
dash						install
dbus						install
dbus-x11					install
dconf-cli					install
dconf-gsettings-backend:amd64			install
dconf-service					install
deadbeef-static					install
debconf						install
debconf-i18n					install
debhelper					install
debianutils					install
default-jre-headless				install
deluge						install
deluge-common					install
deluge-gtk					install
desktop-base					install
desktop-file-utils				install
dh-apparmor					install
dh-python					install
dialog						install
dictionaries-common				install
diffstat					install
diffutils					install
dmidecode					install
dmsetup						install
dmz-cursor-theme				install
docbook-xml					install
docbook-xsl					install
docutils-common					install
docutils-doc					install
dosfstools					install
dpkg						install
dpkg-dev					install
dropbox						install
e2fslibs:amd64					install
e2fsprogs					install
ed						install
eject						install
elinks						install
elinks-data					install
enchant						install
exo-utils					install
exuberant-ctags					install
fakeroot					install
fetchmail					deinstall
file						install
findutils					install
firefox						install
firefox-locale-en				install
firefox-locale-ko				install
flashplugin-downloader				install
flashplugin-installer				install
fltk1.3-doc					install
fluid						install
fluxgui						install
fontconfig					install
fontconfig-config				install
fonts-dejavu-core				install
fonts-dejavu-extra				install
fonts-droid					install
fonts-freefont-ttf				install
fonts-horai-umefont				install
fonts-liberation				install
fonts-lyx					install
fonts-nanum					install
fonts-nanum-coding				install
fonts-unfonts-core				install
fonts-wqy-microhei				install
freeglut3:amd64					install
freepats					install
fuse						install
g++						install
g++-4.8						install
gazebo2						install
gcalcli						install
gcc						install
gcc-4.8						install
gcc-4.8-base:amd64				install
gcc-4.8-base:i386				install
gcc-4.8-multilib				install
gcc-4.9-base:amd64				install
gcc-4.9-base:i386				install
gcc-multilib					install
gconf-service					install
gconf-service-backend				install
gconf2						install
gconf2-common					install
gcr						install
gdb						install
gdebi						install
gdebi-core					install
gdisk						install
geoip-database					install
gettext						install
gettext-base					install
ghostscript					install
gir1.2-appindicator3-0.1			install
gir1.2-atk-1.0					install
gir1.2-freedesktop				install
gir1.2-gdkpixbuf-2.0				install
gir1.2-glib-2.0					install
gir1.2-gmenu-3.0				install
gir1.2-gstreamer-1.0				install
gir1.2-gtk-2.0					install
gir1.2-gtk-3.0					install
gir1.2-gudev-1.0				install
gir1.2-ibus-1.0					install
gir1.2-javascriptcoregtk-3.0			install
gir1.2-pango-1.0				install
gir1.2-soup-2.4					install
gir1.2-vte-2.90					install
gir1.2-webkit-3.0				install
gir1.2-wnck-3.0					install
git						install
git-core					install
git-man						install
gksu						install
glib-networking:amd64				install
glib-networking-common				install
glib-networking-services			install
gmtl						install
gnome-icon-theme				install
gnome-keyring					install
gnome-system-monitor				deinstall
gnome-user-guide				install
gnupg						install
gnuplot-x11					install
gnusim8085					install
gpgv						install
graphviz					install
grep						install
groff-base					install
gsettings-desktop-schemas			install
gsettings-ubuntu-schemas			install
gsfonts						install
gstreamer0.10-fluendo-mp3:amd64			install
gstreamer0.10-plugins-bad:amd64			install
gstreamer0.10-plugins-bad-multiverse		install
gstreamer0.10-plugins-base:amd64		install
gstreamer0.10-plugins-ugly:amd64		install
gstreamer0.10-pulseaudio:amd64			install
gstreamer1.0-fluendo-mp3:amd64			install
gstreamer1.0-libav:amd64			install
gstreamer1.0-plugins-bad:amd64			install
gstreamer1.0-plugins-bad-faad:amd64		install
gstreamer1.0-plugins-bad-videoparsers:amd64	install
gstreamer1.0-plugins-base:amd64			install
gstreamer1.0-plugins-good:amd64			install
gstreamer1.0-plugins-ugly:amd64			install
gstreamer1.0-x:amd64				install
gtk2-engines-murrine:amd64			install
gtk2-engines-pixbuf:amd64			install
gtk2-engines-xfce				install
guile-2.0-libs					install
gvfs:amd64					install
gvfs-backends					install
gvfs-common					install
gvfs-daemons					install
gvfs-libs:amd64					install
gxmessage					install
gyazo						install
gzip						install
hardening-includes				install
hddtemp						install
hicolor-icon-theme				install
hostname					install
humanity-icon-theme				install
hunspell-en-us					install
ibus						install
ibus-gtk:amd64					install
ibus-gtk3:amd64					install
ibus-hangul					install
icoutils					install
icu-devtools					install
ifupdown					install
im-config					install
imagemagick					install
imagemagick-common				install
indicator-application				install
indicator-sound					install
init-system-helpers				install
initramfs-tools					install
initramfs-tools-bin				install
initscripts					install
insserv						install
intltool-debian					install
iproute2					install
iputils-ping					install
ipython						install
isc-dhcp-client					install
isc-dhcp-common					install
iso-codes					install
java-common					install
kate-data					install
katepart					install
kbd						install
kde-l10n-engb					install
kde-l10n-ko					install
kde-runtime					install
kde-runtime-data				install
kde-style-oxygen				deinstall
kde-window-manager-common			deinstall
kdelibs-bin					install
kdelibs5-data					install
kdelibs5-plugins				install
kdoctools					install
keyboard-configuration				install
kingsoft-office					install
klibc-utils					install
kmod						install
krb5-locales					install
krb5-multidev					install
kubuntu-debug-installer				install
language-pack-en				install
language-pack-en-base				install
language-pack-gnome-en				install
language-pack-gnome-en-base			install
language-pack-gnome-ko				install
language-pack-gnome-ko-base			install
language-pack-ko				install
language-pack-ko-base				install
language-selector-common			install
language-selector-gnome				install
laptop-detect					install
less						install
lib32asan0					install
lib32atomic1					install
lib32gcc-4.8-dev				install
lib32gcc1					install
lib32gomp1					install
lib32itm1					install
lib32quadmath0					install
liba52-0.7.4					install
libaa1:amd64					install
libaacs0:amd64					install
libaccountsservice0:amd64			install
libacl1:amd64					install
libaio1:amd64					install
libalgorithm-diff-perl				install
libalgorithm-diff-xs-perl			install
libalgorithm-merge-perl				install
liballegro4.4:amd64				install
liballegro4.4-plugin-alsa:amd64			install
libamd2.3.1:amd64				install
libapparmor1:amd64				install
libappindicator1				install
libappindicator3-1				install
libapr1:amd64					install
libapr1-dev					install
libaprutil1:amd64				install
libaprutil1-dev					install
libapt-inst1.5:amd64				install
libapt-pkg-perl					install
libapt-pkg4.12:amd64				install
libarchive-extract-perl				install
libarchive-zip-perl				install
libarchive13:amd64				install
libarmadillo4					install
libarpack2					install
libart-2.0-2:amd64				install
libasan0:amd64					install
libasn1-8-heimdal:amd64				install
libasn1-8-heimdal:i386				install
libasound2:amd64				install
libasound2:i386					install
libasound2-data					install
libasound2-dev:amd64				install
libasound2-plugins:amd64			install
libasound2-plugins:i386				install
libaspell15					install
libasprintf-dev:amd64				install
libasprintf0c2:amd64				install
libass4:amd64					install
libassimp-dev					install
libassimp3					install
libassuan0:amd64				install
libasyncns0:amd64				install
libasyncns0:i386				install
libatasmart4:amd64				install
libatk-bridge2.0-0:amd64			install
libatk-wrapper-java				install
libatk-wrapper-java-jni:amd64			install
libatk1.0-0:amd64				install
libatk1.0-data					install
libatk1.0-dev					install
libatkmm-1.6-1:amd64				deinstall
libatomic1:amd64				install
libatspi2.0-0:amd64				install
libattica0.4:amd64				install
libattr1:amd64					install
libaudio2:amd64					install
libaudit-common					install
libaudit1:amd64					install
libauthen-sasl-perl				install
libautodie-perl					install
libavahi-client3:amd64				install
libavahi-client3:i386				install
libavahi-common-data:amd64			install
libavahi-common-data:i386			install
libavahi-common3:amd64				install
libavahi-common3:i386				install
libavahi-glib1:amd64				install
libavc1394-0:amd64				install
libavcodec-dev					install
libavcodec54:amd64				install
libavdevice53:amd64				install
libavformat-dev					install
libavformat54:amd64				install
libavutil-dev					install
libavutil52:amd64				install
libbaloocore4					install
libbaloofiles4					install
libbalooxapian4					install
libbasicusageenvironment0			install
libblas-dev					install
libblas3					install
libblkid1:amd64					install
libbluetooth3:amd64				install
libbluray1:amd64				install
libbonobo2-0:amd64				install
libbonobo2-common				install
libboost-all-dev				install
libboost-atomic-dev:amd64			install
libboost-atomic1.54-dev:amd64			install
libboost-atomic1.54.0:amd64			install
libboost-chrono-dev:amd64			install
libboost-chrono1.54-dev:amd64			install
libboost-chrono1.54.0:amd64			install
libboost-context-dev:amd64			install
libboost-context1.54-dev:amd64			install
libboost-context1.54.0:amd64			install
libboost-coroutine-dev				install
libboost-coroutine1.54-dev			install
libboost-date-time-dev:amd64			install
libboost-date-time1.54-dev:amd64		install
libboost-date-time1.54.0:amd64			install
libboost-dev					install
libboost-exception-dev:amd64			install
libboost-exception1.54-dev:amd64		install
libboost-filesystem-dev:amd64			install
libboost-filesystem1.54-dev:amd64		install
libboost-filesystem1.54.0:amd64			install
libboost-graph-dev:amd64			install
libboost-graph-parallel-dev			install
libboost-graph-parallel1.54-dev			install
libboost-graph-parallel1.54.0			install
libboost-graph1.54-dev:amd64			install
libboost-graph1.54.0:amd64			install
libboost-iostreams-dev:amd64			install
libboost-iostreams1.54-dev:amd64		install
libboost-iostreams1.54.0:amd64			install
libboost-locale-dev:amd64			install
libboost-locale1.54-dev:amd64			install
libboost-locale1.54.0:amd64			install
libboost-log-dev				install
libboost-log1.54-dev				install
libboost-log1.54.0				install
libboost-math-dev:amd64				install
libboost-math1.54-dev:amd64			install
libboost-math1.54.0:amd64			install
libboost-mpi-dev				install
libboost-mpi-python-dev				install
libboost-mpi-python1.54-dev			install
libboost-mpi-python1.54.0			install
libboost-mpi1.54-dev				install
libboost-mpi1.54.0				install
libboost-program-options-dev:amd64		install
libboost-program-options1.54-dev:amd64		install
libboost-program-options1.54.0:amd64		install
libboost-python-dev				install
libboost-python1.54-dev:amd64			install
libboost-python1.54.0:amd64			install
libboost-random-dev:amd64			install
libboost-random1.54-dev:amd64			install
libboost-random1.54.0:amd64			install
libboost-regex-dev:amd64			install
libboost-regex1.54-dev:amd64			install
libboost-regex1.54.0:amd64			install
libboost-serialization-dev:amd64		install
libboost-serialization1.54-dev:amd64		install
libboost-serialization1.54.0:amd64		install
libboost-signals-dev:amd64			install
libboost-signals1.54-dev:amd64			install
libboost-signals1.54.0:amd64			install
libboost-system-dev:amd64			install
libboost-system1.54-dev:amd64			install
libboost-system1.54.0:amd64			install
libboost-test-dev:amd64				install
libboost-test1.54-dev:amd64			install
libboost-test1.54.0:amd64			install
libboost-thread-dev:amd64			install
libboost-thread1.54-dev:amd64			install
libboost-thread1.54.0:amd64			install
libboost-timer-dev:amd64			install
libboost-timer1.54-dev:amd64			install
libboost-timer1.54.0:amd64			install
libboost-tools-dev				install
libboost-wave-dev:amd64				install
libboost-wave1.54-dev:amd64			install
libboost-wave1.54.0:amd64			install
libboost1.54-dev				install
libboost1.54-tools-dev				install
libbsd0:amd64					install
libburn4					install
libbz2-1.0:amd64				install
libbz2-dev:amd64				install
libc-bin					install
libc-dev-bin					install
libc6:amd64					install
libc6:i386					install
libc6-dbg:amd64					install
libc6-dev:amd64					install
libc6-dev-i386					install
libc6-dev-x32					install
libc6-i386					install
libc6-x32					install
libcaca0:amd64					install
libcairo-gobject2:amd64				install
libcairo-perl					install
libcairo-script-interpreter2:amd64		install
libcairo2:amd64					install
libcairo2-dev					install
libcairomm-1.0-1:amd64				deinstall
libcamd2.3.1:amd64				install
libcanberra-gtk3-0:amd64			install
libcanberra-gtk3-module:amd64			install
libcanberra-pulse:amd64				install
libcanberra0:amd64				install
libcap-ng0					install
libcap2:amd64					install
libcap2-bin					install
libcapi20-3:amd64				install
libcapi20-3:i386				install
libccolamd2.8.0:amd64				install
libcdaudio1					install
libcddb2					install
libcdio-cdda1					install
libcdio-paranoia1				install
libcdio13					install
libcdparanoia0:amd64				install
libcdt5						install
libcegui-mk2-0.7.6				install
libcegui-mk2-dev				install
libcf0						install
libcgmanager0:amd64				install
libcgmanager0:i386				install
libcgraph6					install
libcholmod2.1.2:amd64				install
libchromaprint0:amd64				install
libck-connector0:amd64				install
libclass-accessor-perl				install
libclone-perl					install
libcloog-isl4:amd64				install
libclucene-core1:amd64				install
libcoin80					install
libcolamd2.8.0:amd64				install
libcolord1:amd64				install
libcolorhug1:amd64				install
libcomerr2:amd64				install
libcomerr2:i386					install
libcompizconfig0				deinstall
libconfig9:amd64				deinstall
libconsole-bridge-dev:amd64			install
libconsole-bridge0.2:amd64			install
libcr0						install
libcroco3:amd64					install
libcrystalhd3:amd64				install
libcups2:amd64					install
libcups2:i386					install
libcupsfilters1:amd64				install
libcupsimage2:amd64				install
libcurl3:amd64					install
libcurl3-gnutls:amd64				install
libcurl4-openssl-dev:amd64			install
libcv-dev:amd64					install
libcvaux-dev:amd64				install
libcxsparse3.1.2:amd64				install
libdap11:amd64					install
libdapclient3:amd64				install
libdatrie1:amd64				install
libdb5.3:amd64					install
libdb5.3:i386					install
libdbus-1-3:amd64				install
libdbus-1-3:i386				install
libdbus-glib-1-2:amd64				install
libdbusmenu-glib4:amd64				install
libdbusmenu-gtk3-4:amd64			install
libdbusmenu-gtk4:amd64				install
libdbusmenu-qt2:amd64				install
libdc1394-22:amd64				install
libdc1394-22-dev:amd64				install
libdca0:amd64					install
libdconf1:amd64					install
libdebconfclient0:amd64				install
libdecoration0					deinstall
libdevil-dev					install
libdevil1c2					install
libdevmapper1.02.1:amd64			install
libdigest-hmac-perl				install
libdigitizer					install
libdirac-encoder0:amd64				install
libdirectfb-1.2-9:amd64				install
libdjvulibre-text				install
libdjvulibre21:amd64				install
libdlrestrictions1				install
libdpkg-perl					install
libdrm-dev:amd64				install
libdrm-intel1:amd64				install
libdrm-intel1:i386				install
libdrm-nouveau2:amd64				install
libdrm-nouveau2:i386				install
libdrm-radeon1:amd64				install
libdrm-radeon1:i386				install
libdrm2:amd64					install
libdrm2:i386					install
libdv4:amd64					install
libdvbpsi8:amd64				install
libdvdnav4:amd64				install
libdvdread4:amd64				install
libebml4:amd64					install
libedit2:amd64					install
libegl1-mesa:amd64				install
libegl1-mesa-drivers:amd64			install
libeigen3-dev					install
libelf1:amd64					install
libelf1:i386					install
libelfg0:amd64					install
libemail-valid-perl				install
libenca0:amd64					install
libenchant1c2a:amd64				install
libencode-locale-perl				install
libepsilon1:amd64				install
libept1.4.12:amd64				install
libepub0					install
liberror-perl					install
libestr0					install
libevent-2.0-5:amd64				install
libexif12:amd64					install
libexif12:i386					install
libexiv2-12					install
libexo-1-0:amd64				install
libexo-common					install
libexo-helpers					install
libexpat1:amd64					install
libexpat1:i386					install
libexpat1-dev:amd64				install
libfaac0:amd64					install
libfaad2:amd64					install
libfakeroot:amd64				install
libffi6:amd64					install
libffi6:i386					install
libfftw3-double3:amd64				install
libfftw3-single3:amd64				install
libfile-basedir-perl				install
libfile-copy-recursive-perl			install
libfile-fcntllock-perl				install
libfile-listing-perl				install
libflac8:amd64					install
libflac8:i386					install
libflann-dev					install
libflann1.8:amd64				install
libflite1:amd64					install
libfltk-forms1.3:amd64				install
libfltk-gl1.3:amd64				install
libfltk-images1.3:amd64				install
libfltk1.1:amd64				install
libfltk1.1-dev					deinstall
libfltk1.3:amd64				install
libfluidsynth1:amd64				install
libfont-afm-perl				install
libfontconfig1:amd64				install
libfontconfig1:i386				install
libfontconfig1-dev				install
libfontenc1:amd64				install
libfreeimage-dev				install
libfreeimage3					install
libfreerdp1:amd64				install
libfreetype6:amd64				install
libfreetype6:i386				install
libfreetype6-dev				install
libfreexl1:amd64				install
libfribidi0:amd64				install
libfs6:amd64					install
libfsplib0					install
libftdi1:amd64					install
libfuse2:amd64					install
libgail18:amd64					install
libgarcon-1-0					install
libgarcon-common				install
libgbm1:amd64					install
libgc1c2:amd64					install
libgcc-4.8-dev:amd64				install
libgcc1:amd64					install
libgcc1:i386					install
libgck-1-0:amd64				install
libgconf-2-4:amd64				install
libgconf2-4:amd64				install
libgcr-3-common					install
libgcr-base-3-1:amd64				install
libgcr-ui-3-1:amd64				install
libgcrypt11:amd64				install
libgcrypt11:i386				install
libgcrypt11-dev					install
libgd3:amd64					install
libgd3:i386					install
libgdal1h					install
libgdbm3:amd64					install
libgdk-pixbuf2.0-0:amd64			install
libgdk-pixbuf2.0-common				install
libgdk-pixbuf2.0-dev				install
libgeoclue0:amd64				install
libgeoip1:amd64					install
libgeos-3.4.2					install
libgeos-c1					install
libgettextpo-dev:amd64				install
libgettextpo0:amd64				install
libgfortran3:amd64				install
libgif4:amd64					install
libgif4:i386					install
libgirepository-1.0-1				install
libgksu2-0					install
libgl1-mesa-dev					install
libgl1-mesa-dri:amd64				install
libgl1-mesa-dri:i386				install
libgl1-mesa-glx:amd64				install
libgl1-mesa-glx:i386				install
libgl2ps-dev					install
libgl2ps0					install
libglade2-0:amd64				install
libglapi-mesa:amd64				install
libglapi-mesa:i386				install
libgles2-mesa:amd64				install
libglew1.10:amd64				install
libglib-perl					install
libglib2.0-0:amd64				install
libglib2.0-0:i386				install
libglib2.0-bin					install
libglib2.0-data					install
libglib2.0-dev					install
libglibmm-2.4-1c2a:amd64			deinstall
libglpk36:amd64					install
libglu1-mesa:amd64				install
libglu1-mesa:i386				install
libglu1-mesa-dev				install
libgme0						install
libgmp10:amd64					install
libgnome-keyring-common				install
libgnome-keyring0:amd64				install
libgnome-menu-3-0				install
libgnome2-0:amd64				install
libgnome2-bin					install
libgnome2-common				install
libgnomecanvas2-0:amd64				install
libgnomecanvas2-common				install
libgnomevfs2-0:amd64				install
libgnomevfs2-common				install
libgnutls-dev					install
libgnutls-openssl27:amd64			install
libgnutls26:amd64				install
libgnutls26:i386				install
libgnutls28:amd64				install
libgnutlsxx27:amd64				install
libgomp1:amd64					install
libgpg-error-dev				install
libgpg-error0:amd64				install
libgpg-error0:i386				install
libgpgme11:amd64				install
libgphoto2-6:amd64				install
libgphoto2-6:i386				install
libgphoto2-l10n					install
libgphoto2-port10:amd64				install
libgphoto2-port10:i386				install
libgpm2:amd64					install
libgpm2:i386					install
libgraphicsmagick++3				install
libgraphicsmagick3				install
libgraphite2-3:amd64				install
libgroupsock1					install
libgs9						install
libgs9-common					install
libgsasl7					install
libgsl0ldbl					install
libgsm1:amd64					install
libgssapi-krb5-2:amd64				install
libgssapi-krb5-2:i386				install
libgssapi3-heimdal:amd64			install
libgssapi3-heimdal:i386				install
libgssrpc4:amd64				install
libgstreamer-plugins-bad0.10-0:amd64		install
libgstreamer-plugins-bad1.0-0:amd64		install
libgstreamer-plugins-base0.10-0:amd64		install
libgstreamer-plugins-base0.10-0:i386		install
libgstreamer-plugins-base1.0-0:amd64		install
libgstreamer-plugins-good1.0-0:amd64		install
libgstreamer0.10-0:amd64			install
libgstreamer0.10-0:i386				install
libgstreamer1.0-0:amd64				install
libgtest-dev					install
libgtk-3-0:amd64				install
libgtk-3-bin					install
libgtk-3-common					install
libgtk2-perl					install
libgtk2.0-0:amd64				install
libgtk2.0-bin					install
libgtk2.0-common				install
libgtk2.0-dev					install
libgtkglext1					install
libgtkmm-3.0-1:amd64				deinstall
libgtksourceview2.0-0				install
libgtksourceview2.0-common			install
libgtop2-7					install
libgtop2-common					install
libgudev-1.0-0:amd64				install
libgusb2:amd64					install
libgvc6						install
libgvpr2					install
libhangul-data					install
libhangul1:amd64				install
libharfbuzz-dev					install
libharfbuzz-gobject0:amd64			install
libharfbuzz-icu0:amd64				install
libharfbuzz0b:amd64				install
libhcrypto4-heimdal:amd64			install
libhcrypto4-heimdal:i386			install
libhdb9-heimdal:amd64				install
libhdf4-0-alt					install
libhdf5-7:amd64					install
libheimbase1-heimdal:amd64			install
libheimbase1-heimdal:i386			install
libheimntlm0-heimdal:amd64			install
libheimntlm0-heimdal:i386			install
libhighgui-dev:amd64				install
libhogweed2:amd64				install
libhtml-form-perl				install
libhtml-format-perl				install
libhtml-parser-perl				install
libhtml-tagset-perl				install
libhtml-tree-perl				install
libhttp-cookies-perl				install
libhttp-daemon-perl				install
libhttp-date-perl				install
libhttp-message-perl				install
libhttp-negotiate-perl				install
libhttrack2					install
libhunspell-1.3-0:amd64				install
libhwloc-dev:amd64				install
libhwloc-plugins				install
libhwloc5:amd64					install
libhx509-5-heimdal:amd64			install
libhx509-5-heimdal:i386				install
libibus-1.0-5:amd64				install
libibverbs-dev					install
libibverbs1					install
libical1					install
libice-dev:amd64				install
libice6:amd64					install
libice6:i386					install
libicu-dev:amd64				install
libicu52:amd64					install
libidl-common					install
libidl0:amd64					install
libidn11:amd64					install
libidn11-dev					install
libido3-0.1-0:amd64				install
libiec61883-0:amd64				install
libieee1284-3:amd64				install
libieee1284-3:i386				install
libijs-0.35					install
libilmbase-dev					install
libilmbase6:amd64				install
libimobiledevice4:amd64				install
libindicator3-7					install
libindicator7					install
libintl-perl					install
libio-html-perl					install
libio-pty-perl					install
libio-socket-inet6-perl				install
libio-socket-ssl-perl				install
libio-string-perl				install
libipc-run-perl					install
libipc-system-simple-perl			install
libisl10:amd64					install
libiso9660-8					install
libisofs6					install
libitm1:amd64					install
libjack-jackd2-0:amd64				install
libjack-jackd2-0:i386				install
libjasper-dev					install
libjasper1:amd64				install
libjavascriptcoregtk-3.0-0:amd64		install
libjbig-dev:amd64				install
libjbig0:amd64					install
libjbig0:i386					install
libjbig2dec0					install
libjpeg-dev:amd64				install
libjpeg-turbo8:amd64				install
libjpeg-turbo8:i386				install
libjpeg-turbo8-dev:amd64			install
libjpeg8:amd64					install
libjpeg8:i386					install
libjpeg8-dev:amd64				install
libjs-jquery					install
libjs-sphinxdoc					install
libjs-underscore				install
libjson-c2:amd64				install
libjson-c2:i386					install
libjson0:amd64					install
libjsoncpp0:amd64				install
libjte1						install
libk5crypto3:amd64				install
libk5crypto3:i386				install
libkactivities-bin				install
libkactivities-models1				install
libkactivities6					install
libkadm5clnt-mit9:amd64				install
libkadm5srv-mit9:amd64				install
libkate1					install
libkatepartinterfaces4				install
libkcmutils4					install
libkdb5-7:amd64					install
libkdc2-heimdal:amd64				install
libkde3support4					install
libkdeclarative5				install
libkdecorations4abi1				deinstall
libkdecore5					install
libkdesu5					install
libkdeui5					install
libkdewebkit5					install
libkdnssd4					install
libkemoticons4					install
libkexiv2-11					install
libkexiv2-data					install
libkeybinder0					install
libkeyutils1:amd64				install
libkeyutils1:i386				install
libkfile4					install
libkhtml5					install
libkidletime4					install
libkio5						install
libkjsapi4					install
libkjsembed4					install
libklibc					install
libkmediaplayer4				install
libkml0:amd64					install
libkmod2:amd64					install
libknewstuff3-4					install
libknotifyconfig4				install
libkntlm4					install
libkparts4					install
libkprintutils4					install
libkpty4					install
libkrb5-26-heimdal:amd64			install
libkrb5-26-heimdal:i386				install
libkrb5-3:amd64					install
libkrb5-3:i386					install
libkrb5-dev					install
libkrb5support0:amd64				install
libkrb5support0:i386				install
libkrosscore4					install
libkscreen1					install
libktexteditor4					install
libkubuntu0					install
libkwineffects1abi4				deinstall
libkwinglesutils1				deinstall
libkwinglutils1abi3				deinstall
libkworkspace4abi2				deinstall
libkxmlrpcclient4				install
liblapack-dev					install
liblapack3					install
liblcms1:amd64					install
liblcms1-dev:amd64				install
liblcms2-2:amd64				install
liblcms2-2:i386					install
liblcms2-dev:amd64				install
libldap-2.4-2:amd64				install
libldap-2.4-2:i386				install
libldap2-dev:amd64				install
libldb1:amd64					install
liblircclient0					install
liblist-moreutils-perl				install
liblivemedia23					install
libllvm3.4:amd64				install
libllvm3.4:i386					install
liblocale-gettext-perl				install
liblockfile-bin					install
liblockfile1:amd64				install
liblodo3.0					install
liblog-message-simple-perl			install
liblog4cxx10					install
liblog4cxx10-dev				install
liblqr-1-0:amd64				install
libltdl-dev:amd64				install
libltdl7:amd64					install
libltdl7:i386					install
liblua5.1-0:amd64				install
liblua5.1-0-dev:amd64				install
liblua5.2-0:amd64				install
liblwp-mediatypes-perl				install
liblwp-protocol-https-perl			install
liblz4-1:amd64					install
liblz4-dev:amd64				install
liblzma-dev:amd64				install
liblzma5:amd64					install
liblzma5:i386					install
liblzo2-2:amd64					install
libmad0:amd64					install
libmagic1:amd64					install
libmagick++5:amd64				install
libmagickcore5:amd64				install
libmagickcore5-extra:amd64			install
libmagickwand5:amd64				install
libmail-sendmail-perl				install
libmailtools-perl				install
libmatroska6:amd64				install
libmbqtutils					install
libmetacity-private0a				deinstall
libmhash2:amd64					install
libmikmod2:amd64				install
libmimic0					install
libmjpegutils-2.1-0				install
libmms0:amd64					install
libmng-dev:amd64				install
libmng2:amd64					install
libmodplug1					install
libmodule-pluggable-perl			install
libmount1:amd64					install
libmp3lame0:amd64				install
libmpc3:amd64					install
libmpcdec6					install
libmpdec2:amd64					install
libmpeg2-4:amd64				install
libmpeg2encpp-2.1-0				install
libmpfr4:amd64					install
libmpg123-0:amd64				install
libmpg123-0:i386				install
libmplex2-2.1-0					install
libmtdev1:amd64					install
libmtp-common					install
libmtp-runtime					install
libmtp9:amd64					install
libmysqlclient-dev				install
libmysqlclient18:amd64				install
libncurses5:amd64				install
libncurses5:i386				install
libncurses5-dev:amd64				install
libncursesw5:amd64				install
libnepomuk4					install
libnepomukcleaner4				install
libnepomukcore4abi1				install
libnepomukquery4a				install
libnepomukutils4				install
libnet-dbus-perl				install
libnet-dns-perl					install
libnet-domain-tld-perl				install
libnet-http-perl				install
libnet-ip-perl					install
libnet-smtp-ssl-perl				install
libnet-ssleay-perl				install
libnetcdf-dev					install
libnetcdfc++4					install
libnetcdfc7					install
libnetcdff5					install
libnetpbm10					install
libnettle4:amd64				install
libnewt0.52:amd64				install
libnih-dbus1:amd64				install
libnih-dbus1:i386				install
libnih1:amd64					install
libnih1:i386					install
libnl-3-200:amd64				install
libnl-route-3-200:amd64				install
libnotify-bin					install
libnotify4:amd64				install
libnspr4:amd64					install
libnss-winbind:amd64				install
libnss3:amd64					install
libnss3-nssdb					install
libntdb1:amd64					install
libntlm0:amd64					install
libntrack-qt4-1					install
libntrack0					install
libnuma1:amd64					install
liboctave2:amd64				install
libodbc1:amd64					install
libofa0						install
libogdi3.2					install
libogg-dev:amd64				install
libogg0:amd64					install
libogg0:i386					install
libogre-1.8-dev					install
libogre-1.8.0:amd64				install
liboil0.3:amd64					install
libois-1.3.0:amd64				install
libokularcore4					install
libopenal-data					install
libopenal1:amd64				install
libopenal1:i386					install
libopenblas-base				install
libopenblas-dev					install
libopencore-amrnb0:amd64			install
libopencore-amrwb0:amd64			install
libopencv-calib3d-dev:amd64			install
libopencv-calib3d2.4:amd64			install
libopencv-contrib-dev:amd64			install
libopencv-contrib2.4:amd64			install
libopencv-core-dev:amd64			install
libopencv-core2.4:amd64				install
libopencv-dev					install
libopencv-features2d-dev:amd64			install
libopencv-features2d2.4:amd64			install
libopencv-flann-dev:amd64			install
libopencv-flann2.4:amd64			install
libopencv-gpu-dev:amd64				install
libopencv-gpu2.4:amd64				install
libopencv-highgui-dev:amd64			install
libopencv-highgui2.4:amd64			install
libopencv-imgproc-dev:amd64			install
libopencv-imgproc2.4:amd64			install
libopencv-legacy-dev:amd64			install
libopencv-legacy2.4:amd64			install
libopencv-ml-dev:amd64				install
libopencv-ml2.4:amd64				install
libopencv-objdetect-dev:amd64			install
libopencv-objdetect2.4:amd64			install
libopencv-ocl-dev:amd64				install
libopencv-ocl2.4:amd64				install
libopencv-photo-dev:amd64			install
libopencv-photo2.4:amd64			install
libopencv-stitching-dev:amd64			install
libopencv-stitching2.4:amd64			install
libopencv-superres-dev:amd64			install
libopencv-superres2.4:amd64			install
libopencv-ts-dev:amd64				install
libopencv-ts2.4:amd64				install
libopencv-video-dev:amd64			install
libopencv-video2.4:amd64			install
libopencv-videostab-dev:amd64			install
libopencv-videostab2.4:amd64			install
libopencv2.4-java				install
libopencv2.4-jni				install
libopenexr-dev					install
libopenexr6:amd64				install
libopenjpeg2:amd64				install
libopenmesh-3.2					install
libopenmpi-dev					install
libopenmpi1.6					install
libopenni-dev					install
libopenni-sensor-pointclouds0			install
libopenni0					install
libopenscenegraph99				install
libopenthreads14				install
libopenvg1-mesa:amd64				install
libopus0					install
liborbit-2-0:amd64				install
liborbit2:amd64					install
liborc-0.4-0:amd64				install
liborc-0.4-0:i386				install
libosmesa6:amd64				install
libosmesa6:i386					install
libp11-kit-dev					install
libp11-kit-gnome-keyring:amd64			install
libp11-kit-gnome-keyring:i386			install
libp11-kit0:amd64				install
libp11-kit0:i386				install
libpam-cap:amd64				install
libpam-ck-connector:amd64			install
libpam-gnome-keyring:amd64			install
libpam-modules:amd64				install
libpam-modules-bin				install
libpam-runtime					install
libpam-systemd:amd64				install
libpam-winbind:amd64				install
libpam0g:amd64					install
libpango-1.0-0:amd64				install
libpango-perl					install
libpango1.0-0:amd64				install
libpango1.0-dev					install
libpangocairo-1.0-0:amd64			install
libpangoft2-1.0-0:amd64				install
libpangomm-1.4-1:amd64				deinstall
libpangox-1.0-0:amd64				install
libpangoxft-1.0-0:amd64				install
libpaper-utils					install
libpaper1:amd64					install
libparse-debianchangelog-perl			install
libparted0debian1:amd64				install
libpathplan4					install
libpci-dev					install
libpci3:amd64					install
libpciaccess0:amd64				install
libpciaccess0:i386				install
libpcl-1.7-all					install
libpcl-1.7-all-dev				install
libpcl-1.7-bin					install
libpcl-1.7-doc					install
libpcl-apps-1.7					install
libpcl-apps-1.7-dev				install
libpcl-common-1.7				install
libpcl-common-1.7-dev				install
libpcl-features-1.7				install
libpcl-features-1.7-dev				install
libpcl-filters-1.7				install
libpcl-filters-1.7-dev				install
libpcl-geometry-1.7-dev				install
libpcl-io-1.7					install
libpcl-io-1.7-dev				install
libpcl-kdtree-1.7				install
libpcl-kdtree-1.7-dev				install
libpcl-keypoints-1.7				install
libpcl-keypoints-1.7-dev			install
libpcl-octree-1.7				install
libpcl-octree-1.7-dev				install
libpcl-outofcore-1.7				install
libpcl-outofcore-1.7-dev			install
libpcl-people-1.7				install
libpcl-people-1.7-dev				install
libpcl-recognition-1.7				install
libpcl-recognition-1.7-dev			install
libpcl-registration-1.7				install
libpcl-registration-1.7-dev			install
libpcl-sample-consensus-1.7			install
libpcl-sample-consensus-1.7-dev			install
libpcl-search-1.7				install
libpcl-search-1.7-dev				install
libpcl-segmentation-1.7				install
libpcl-segmentation-1.7-dev			install
libpcl-surface-1.7				install
libpcl-surface-1.7-dev				install
libpcl-tracking-1.7				install
libpcl-tracking-1.7-dev				install
libpcl-visualization-1.7			install
libpcl-visualization-1.7-dev			install
libpcre3:amd64					install
libpcre3:i386					install
libpcre3-dev:amd64				install
libpcrecpp0:amd64				install
libpcsclite1:amd64				install
libperl5.18					install
libperlio-gzip-perl				install
libphonon4:amd64				install
libpipeline1:amd64				install
libpixman-1-0:amd64				install
libpixman-1-dev					install
libplasma3					install
libplayerc++3.0					install
libplayerc3.0					install
libplayercommon3.0				install
libplayercore3.0				install
libplayerdrivers3.0				install
libplayerinterface3.0				install
libplayerjpeg3.0				install
libplayertcp3.0					install
libplayerwkb3.0					install
libplist1:amd64					install
libplot2c2					install
libplymouth2:amd64				install
libpmap3.0					install
libpng12-0:amd64				install
libpng12-0:i386					install
libpng12-dev					install
libpoco-dev					install
libpococrypto9					install
libpocodata9					install
libpocofoundation9				install
libpocomysql9					install
libpoconet9					install
libpoconetssl9					install
libpocoodbc9					install
libpocosqlite9					install
libpocoutil9					install
libpocoxml9					install
libpocozip9					install
libpod-latex-perl				install
libpolkit-agent-1-0:amd64			install
libpolkit-backend-1-0:amd64			install
libpolkit-gobject-1-0:amd64			install
libpolkit-qt-1-1				install
libpoppler-glib8:amd64				install
libpoppler-qt4-4:amd64				install
libpoppler44:amd64				install
libpopt0:amd64					install
libportmidi0					install
libpostproc52					install
libpq-dev					install
libpq5						install
libprocps3:amd64				install
libproj0					install
libprotobuf-dev:amd64				install
libprotobuf-lite8:amd64				install
libprotobuf8:amd64				install
libprotoc8:amd64				install
libproxy-tools					install
libproxy1:amd64					install
libpstoedit0c2a					install
libpthread-stubs0-dev:amd64			install
libpulse-mainloop-glib0:amd64			install
libpulse0:amd64					install
libpulse0:i386					install
libpulsedsp:amd64				install
libpyside-dev					install
libpyside-py3-1.2:amd64				install
libpyside1.2:amd64				install
libpython-dev:amd64				install
libpython-stdlib:amd64				install
libpython2.7:amd64				install
libpython2.7-dev:amd64				install
libpython2.7-minimal:amd64			install
libpython2.7-stdlib:amd64			install
libpython3-dev:amd64				install
libpython3-stdlib:amd64				install
libpython3.4:amd64				install
libpython3.4-dev:amd64				install
libpython3.4-minimal:amd64			install
libpython3.4-stdlib:amd64			install
libqapt2					install
libqapt2-runtime				install
libqca2:amd64					install
libqhull-dev:amd64				install
libqhull6:amd64					install
libqimageblitz4					install
libqjson0:amd64					install
libqmobipocket1					install
libqrupdate1					install
libqscintilla2-11				install
libqscintilla2-l10n				install
libqt4-dbus:amd64				install
libqt4-declarative:amd64			install
libqt4-designer:amd64				install
libqt4-dev					install
libqt4-dev-bin					install
libqt4-help:amd64				install
libqt4-network:amd64				install
libqt4-opengl:amd64				install
libqt4-opengl-dev				install
libqt4-qt3support:amd64				install
libqt4-script:amd64				install
libqt4-scripttools:amd64			install
libqt4-sql:amd64				install
libqt4-sql-mysql:amd64				install
libqt4-svg:amd64				install
libqt4-test:amd64				install
libqt4-xml:amd64				install
libqt4-xmlpatterns:amd64			install
libqt5core5a:amd64				install
libqt5dbus5:amd64				install
libqt5gui5:amd64				install
libqt5multimedia5:amd64				install
libqt5multimediawidgets5:amd64			install
libqt5network5:amd64				install
libqt5opengl5:amd64				install
libqt5positioning5:amd64			install
libqt5printsupport5:amd64			install
libqt5qml5:amd64				install
libqt5quick5:amd64				install
libqt5sensors5:amd64				install
libqt5sql5:amd64				install
libqt5sql5-sqlite:amd64				install
libqt5webkit5:amd64				install
libqt5widgets5:amd64				install
libqtassistantclient4:amd64			install
libqtcore4:amd64				install
libqtdbus4:amd64				install
libqtgui4:amd64					install
libqtwebkit-dev					install
libqtwebkit4:amd64				install
libquadmath0:amd64				install
libqwt-dev					install
libqwt5-qt4					install
libqwt6						install
libraptor2-0:amd64				install
librarian0					install
librasqal3:amd64				install
libraw1394-11:amd64				install
libraw1394-dev:amd64				install
libraw1394-tools				install
libraw9:amd64					install
librdf0:amd64					install
libreadline-dev:amd64				install
libreadline6:amd64				install
libreadline6-dev:amd64				install
libresid-builder0c2a				install
libroken18-heimdal:amd64			install
libroken18-heimdal:i386				install
librsvg2-2:amd64				install
librsvg2-common:amd64				install
librtmp-dev					install
librtmp0:amd64					install
libruby1.9.1					install
libsamplerate0:amd64				install
libsamplerate0:i386				install
libsane:amd64					install
libsane:i386					install
libsane-common					install
libsasl2-2:amd64				install
libsasl2-2:i386					install
libsasl2-modules:amd64				install
libsasl2-modules:i386				install
libsasl2-modules-db:amd64			install
libsasl2-modules-db:i386			install
libsbc1:amd64					install
libschroedinger-1.0-0:amd64			install
libsctp-dev					install
libsctp1:amd64					install
libsdformat-dev:amd64				install
libsdformat1:amd64				install
libsdl-image1.2:amd64				install
libsdl-mixer1.2:amd64				install
libsdl-ttf2.0-0:amd64				install
libsdl1.2debian:amd64				install
libsecret-1-0:amd64				install
libsecret-common				install
libselinux1:amd64				install
libselinux1:i386				install
libsemanage-common				install
libsemanage1:amd64				install
libsensors4:amd64				install
libsepol1:amd64					install
libserf-1-1:amd64				install
libshiboken-dev					install
libshiboken-py3-1.2:amd64			install
libshiboken1.2:amd64				install
libshout3:amd64					install
libsidplay1					install
libsidplay2					install
libsigc++-2.0-0c2a:amd64			deinstall
libsigsegv2:amd64				install
libsilly					install
libslang2:amd64					install
libslv2-9					install
libsm-dev:amd64					install
libsm6:amd64					install
libsm6:i386					install
libsmbclient:amd64				install
libsmpeg0:amd64					install
libsndfile1:amd64				install
libsndfile1:i386				install
libsocket6-perl					install
libsolid4					install
libsoprano4					install
libsoundtouch0:amd64				install
libsoup-gnome2.4-1:amd64			install
libsoup2.4-1:amd64				install
libspandsp2					install
libspatialite5:amd64				install
libspectre1:amd64				install
libspeex-dev:amd64				install
libspeex1:amd64					install
libspeexdsp-dev:amd64				install
libspeexdsp1:amd64				install
libspeexdsp1:i386				install
libsqlite3-0:amd64				install
libsqlite3-0:i386				install
libsqlite3-dev:amd64				install
libsrtp0					install
libss2:amd64					install
libssh-4:amd64					install
libssh2-1:amd64					install
libssl-dev:amd64				install
libssl-doc					install
libssl1.0.0:amd64				install
libssl1.0.0:i386				install
libstartup-notification0:amd64			install
libstatgrab9					install
libstdc++-4.8-dev:amd64				install
libstdc++6:amd64				install
libstdc++6:i386					install
libstreamanalyzer0				install
libstreams0					install
libsub-identify-perl				install
libsub-name-perl				install
libsvn1:amd64					install
libswscale-dev					install
libswscale2:amd64				install
libsys-hostname-long-perl			install
libsystemd-daemon0:amd64			install
libsystemd-login0:amd64				install
libtag1-vanilla:amd64				install
libtag1c2a:amd64				install
libtagc0:amd64					install
libtalloc2:amd64				install
libtar0						install
libtasn1-6:amd64				install
libtasn1-6:i386					install
libtasn1-6-dev					install
libtbb-dev					install
libtbb2						install
libtcl8.6:amd64					install
libtdb1:amd64					install
libterm-ui-perl					install
libtevent0:amd64				install
libtext-charwidth-perl				install
libtext-iconv-perl				install
libtext-levenshtein-perl			install
libtext-soundex-perl				install
libtext-unidecode-perl				install
libtext-wrapi18n-perl				install
libthai-data					install
libthai0:amd64					install
libtheora-dev:amd64				install
libtheora0:amd64				install
libthing					install
libthreadweaver4				install
libthunarx-2-0					install
libtie-ixhash-perl				install
libtiff5:amd64					install
libtiff5:i386					install
libtiff5-dev:amd64				install
libtiffxx5:amd64				install
libtimedate-perl				install
libtinfo-dev:amd64				install
libtinfo5:amd64					install
libtinfo5:i386					install
libtinything					install
libtinyxml-dev:amd64				install
libtinyxml2.6.2:amd64				install
libtk8.6:amd64					install
libtokyocabinet9:amd64				install
libtool						install
libtoolpathviz					install
libtorque2					install
libtorrent-rasterbar7				install
libtre5:amd64					install
libts-0.0-0:amd64				install
libtsan0:amd64					install
libtumbler-1-0					install
libtwolame0					install
libtxc-dxtn-s2tc0:amd64				install
libtxc-dxtn-s2tc0:i386				install
libudev1:amd64					install
libudev1:i386					install
libudisks2-0:amd64				install
libumfpack5.6.2:amd64				install
libunique-1.0-0					install
libunistring0:amd64				install
libupnp6					install
libupower-glib1:amd64				install
liburdfdom-dev:amd64				install
liburdfdom-headers-dev				install
liburdfdom-model-state0.2:amd64			install
liburdfdom-model0.2:amd64			install
liburdfdom-sensor0.2:amd64			install
liburdfdom-world0.2:amd64			install
liburi-perl					install
liburiparser1					install
liburl-dispatcher1:amd64			install
libusageenvironment1				install
libusb-0.1-4:amd64				install
libusb-1.0-0:amd64				install
libusb-1.0-0:i386				install
libusb-1.0-0-dev:amd64				install
libusb-1.0-doc					install
libusbmuxd2					install
libustr-1.0-1:amd64				install
libutempter0					install
libuuid1:amd64					install
libuuid1:i386					install
libv4l-0:amd64					install
libv4l-0:i386					install
libv4lconvert0:amd64				install
libv4lconvert0:i386				install
libva-x11-1:amd64				install
libva1:amd64					install
libvcdinfo0					install
libvirtodbc0					install
libvisual-0.4-0:amd64				install
libvisual-0.4-plugins:amd64			install
libvlc5						install
libvlccore7					install
libvo-aacenc0:amd64				install
libvo-amrwbenc0:amd64				install
libvorbis0a:amd64				install
libvorbis0a:i386				install
libvorbisenc2:amd64				install
libvorbisenc2:i386				install
libvorbisfile3:amd64				install
libvpx1:amd64					install
libvpx1:i386					install
libvte-2.90-9					install
libvte-2.90-common				install
libvte-common					install
libvte9						install
libvtk-java					install
libvtk5-dev					install
libvtk5-qt4-dev					install
libvtk5.8					install
libvtk5.8-qt4					install
libwavpack1:amd64				install
libwayland-client0:amd64			install
libwayland-cursor0:amd64			install
libwayland-egl1-mesa:amd64			install
libwayland-server0:amd64			install
libwbclient0:amd64				install
libwebkitgtk-3.0-0:amd64			install
libwebkitgtk-3.0-common				install
libwebp5:amd64					install
libwebpmux1:amd64				install
libwildmidi-config				install
libwildmidi1:amd64				install
libwind0-heimdal:amd64				install
libwind0-heimdal:i386				install
libwmf0.2-7:amd64				install
libwnck-3-0:amd64				install
libwnck-3-common				install
libwnck-common					install
libwnck22					install
libwrap0:amd64					install
libwrap0:i386					install
libwww-perl					install
libwww-robotrules-perl				install
libwxbase2.8-0:amd64				install
libwxgtk-media2.8-0:amd64			install
libwxgtk2.8-0:amd64				install
libx11-6:amd64					install
libx11-6:i386					install
libx11-data					install
libx11-dev:amd64				install
libx11-xcb-dev:amd64				install
libx11-xcb1:amd64				install
libx11-xcb1:i386				install
libx264-142:amd64				install
libx32asan0					install
libx32atomic1					install
libx32gcc-4.8-dev				install
libx32gcc1					install
libx32gomp1					install
libx32itm1					install
libx32quadmath0					install
libxapian22					install
libxau-dev:amd64				install
libxau6:amd64					install
libxau6:i386					install
libxaw7:amd64					install
libxaw7-dev:amd64				install
libxcb-composite0:amd64				install
libxcb-damage0:amd64				deinstall
libxcb-dri2-0:amd64				install
libxcb-dri2-0:i386				install
libxcb-dri2-0-dev:amd64				install
libxcb-dri3-0:amd64				install
libxcb-dri3-0:i386				install
libxcb-dri3-dev:amd64				install
libxcb-glx0:amd64				install
libxcb-glx0:i386				install
libxcb-glx0-dev:amd64				install
libxcb-icccm4:amd64				install
libxcb-image0:amd64				install
libxcb-keysyms1:amd64				install
libxcb-present-dev:amd64			install
libxcb-present0:amd64				install
libxcb-present0:i386				install
libxcb-randr0:amd64				install
libxcb-randr0-dev:amd64				install
libxcb-render-util0:amd64			install
libxcb-render0:amd64				install
libxcb-render0-dev:amd64			install
libxcb-shape0:amd64				install
libxcb-shape0-dev:amd64				install
libxcb-shm0:amd64				install
libxcb-shm0-dev:amd64				install
libxcb-sync-dev:amd64				install
libxcb-sync1:amd64				install
libxcb-sync1:i386				install
libxcb-util0:amd64				install
libxcb-xfixes0:amd64				install
libxcb-xfixes0-dev:amd64			install
libxcb-xkb1:amd64				install
libxcb-xtest0:amd64				deinstall
libxcb-xv0:amd64				install
libxcb1:amd64					install
libxcb1:i386					install
libxcb1-dev:amd64				install
libxcomposite-dev				install
libxcomposite1:amd64				install
libxcomposite1:i386				install
libxcursor-dev:amd64				install
libxcursor1:amd64				install
libxcursor1:i386				install
libxdamage-dev:amd64				install
libxdamage1:amd64				install
libxdamage1:i386				install
libxdmcp-dev:amd64				install
libxdmcp6:amd64					install
libxdmcp6:i386					install
libxerces-c3.1:amd64				install
libxext-dev:amd64				install
libxext6:amd64					install
libxext6:i386					install
libxfce4ui-1-0					install
libxfce4ui-2-0					install
libxfce4ui-common				install
libxfce4ui-utils				install
libxfce4util-bin				install
libxfce4util-common				install
libxfce4util6					install
libxfcegui4-4					install
libxfconf-0-2					install
libxfixes-dev:amd64				install
libxfixes3:amd64				install
libxfixes3:i386					install
libxfont1:amd64					install
libxft-dev					install
libxft2:amd64					install
libxi-dev					install
libxi6:amd64					install
libxi6:i386					install
libxine2					install
libxine2-bin					install
libxine2-doc					install
libxine2-ffmpeg					install
libxine2-misc-plugins				install
libxine2-plugins				install
libxinerama-dev:amd64				install
libxinerama1:amd64				install
libxinerama1:i386				install
libxkbcommon-x11-0:amd64			install
libxkbcommon0:amd64				install
libxkbfile1:amd64				install
libxklavier16					install
libxml-libxml-perl				install
libxml-namespacesupport-perl			install
libxml-parser-perl				install
libxml-sax-base-perl				install
libxml-sax-expat-perl				install
libxml-sax-perl					install
libxml-twig-perl				install
libxml-xpathengine-perl				install
libxml2:amd64					install
libxml2:i386					install
libxml2-dev:amd64				install
libxml2-utils					install
libxmu-dev:amd64				install
libxmu-headers					install
libxmu6:amd64					install
libxmuu1:amd64					install
libxpm-dev:amd64				install
libxpm4:amd64					install
libxpm4:i386					install
libxrandr-dev:amd64				install
libxrandr2:amd64				install
libxrandr2:i386					install
libxrender-dev:amd64				install
libxrender1:amd64				install
libxrender1:i386				install
libxres1:amd64					install
libxshmfence-dev:amd64				install
libxshmfence1:amd64				install
libxshmfence1:i386				install
libxslt1.1:amd64				install
libxslt1.1:i386					install
libxss-dev:amd64				install
libxss1:amd64					install
libxt-dev:amd64					install
libxt6:amd64					install
libxt6:i386					install
libxtst6:amd64					install
libxv1:amd64					install
libxvidcore4:amd64				install
libxvmc1:amd64					install
libxxf86dga1:amd64				install
libxxf86vm-dev:amd64				install
libxxf86vm1:amd64				install
libxxf86vm1:i386				install
libyajl2:amd64					install
libyaml-0-2:amd64				install
libyaml-cpp-dev					install
libyaml-cpp0.5:amd64				install
libyelp0					install
libzbar0					install
libzip2						install
libzvbi-common					install
libzvbi0:amd64					install
libzzip-0-13:amd64				install
libzzip-dev					install
links2						deinstall
lintian						install
linux-libc-dev:amd64				install
linuxdcpp					install
lksctp-tools					install
lm-sensors					install
locales						install
lockfile-progs					install
login						install
logrotate					install
lsb-base					install
lsb-release					install
lua5.2						install
lynx-cur					install
m4						install
make						install
makedev						install
makerbot-driver					install
makerware					install
man-db						install
mawk						install
mb-libjsonrpc					install
mb-libopencv2.4					install
mb-libstdc++6					install
mb-libvtk5.10					install
mb-pyserial					install
mercurial					install
mercurial-common				install
mesa-common-dev					install
metacity-common					deinstall
mime-support					install
miracle-grue					install
module-init-tools				install
mount						install
mountall					install
mousepad					install
mpi-default-bin					install
mpi-default-dev					install
msmtp						install
multiarch-support				install
mutt						install
mysql-common					install
ncurses-base					install
ncurses-bin					install
nepomuk-core-data				install
nepomuk-core-runtime				install
net-tools					install
netbase						install
netcat-openbsd					install
netpbm						install
netsurf-common					install
netsurf-gtk					install
notification-daemon				install
ntfs-3g						install
ntpdate						install
ntrack-module-libnl-0				install
ocl-icd-libopencl1:amd64			install
ocl-icd-libopencl1:i386				install
octave						install
octave-common					install
odbcinst					install
odbcinst1debian2:amd64				install
okular						install
oneconf						install
oneconf-common					install
opencv-data					install
openjdk-7-doc					install
openjdk-7-jdk:amd64				install
openjdk-7-jre:amd64				install
openjdk-7-jre-headless:amd64			install
openmpi-bin					install
openmpi-common					install
openni-utils					install
openssh-client					install
openssl						install
orage						install
oxideqt-codecs-extra:amd64			install
oxygen-icon-theme				install
p11-kit						install
p11-kit-modules:amd64				install
p11-kit-modules:i386				install
p7zip						install
p7zip-full					install
parted						install
passwd						install
patch						install
patchutils					install
pciutils					install
pepperflashplugin-nonfree			install
perl						install
perl-base					install
perl-modules					install
phonon:amd64					install
phonon-backend-gstreamer:amd64			install
phonon-backend-gstreamer-common:amd64		install
phonon-backend-gstreamer1.0			install
pkg-config					install
plasma-scriptengine-javascript			install
plymouth					install
po-debconf					install
policykit-1					install
policykit-1-gnome				install
popcorn-time					install
poppler-data					install
postfix						install
procps						install
proj-bin					install
proj-data					install
psmisc						install
pstoedit					install
pulseaudio					install
pulseaudio-module-x11				install
pulseaudio-utils				install
python						install
python-appindicator				install
python-apt					install
python-apt-common				install
python-aptdaemon				install
python-aptdaemon.gtk3widgets			install
python-boto					install
python-bzrlib					install
python-cairo					install
python-catkin-pkg				install
python-chardet					install
python-commandnotfound				install
python-configobj				install
python-crypto					install
python-cups					install
python-dateutil					install
python-dbus					install
python-dbus-dev					install
python-debian					install
python-debtagshw				install
python-decorator				install
python-defer					install
python-dev					install
python-dirspec					install
python-django					install
python-dnspython				install
python-docutils					install
python-empy					install
python-gconf					install
python-gdata					install
python-gdbm					install
python-gflags					install
python-gi					install
python-gi-cairo					install
python-glade2					install
python-gobject					install
python-gobject-2				install
python-gpgme					install
python-gtk2					install
python-guppy					install
python-guppy-lib				install
python-httplib2					install
python-imaging					install
python-joblib					install
python-keyring					install
python-launchpadlib				install
python-lazr.restfulclient			install
python-lazr.uri					install
python-ldb					install
python-libtorrent				install
python-libxml2					install
python-lxml					install
python-matplotlib				install
python-matplotlib-data				install
python-minimal					install
python-mysqldb					install
python-netifaces				install
python-nltk					install
python-nose					install
python-notify					install
python-ntdb					install
python-numpy					install
python-oauth					install
python-oauthlib					install
python-oneconf					install
python-opencv					install
python-opengl					install
python-openssl					install
python-pam					install
python-paramiko					install
python-parsedatetime				install
python-pexpect					install
python-pil					install
python-piston-mini-client			install
python-pkg-resources				install
python-psutil					install
python-pyasn1					install
python-pydot					install
python-pygame					install
python-pygments					install
python-pyicu					install
python-pyparsing				install
python-pyside					install
python-pyside.phonon				install
python-pyside.qtcore				install
python-pyside.qtdeclarative			install
python-pyside.qtgui				install
python-pyside.qthelp				install
python-pyside.qtnetwork				install
python-pyside.qtopengl				install
python-pyside.qtscript				install
python-pyside.qtsql				install
python-pyside.qtsvg				install
python-pyside.qttest				install
python-pyside.qtuitools				install
python-pyside.qtwebkit				install
python-pyside.qtxml				install
python-qt4					install
python-qt4-dev					install
python-qt4-gl					install
python-qwt5-qt4					install
python-requests					install
python-roman					install
python-rosdep					install
python-rosdistro				install
python-rosinstall				install
python-rospkg					install
python-samba					install
python-scikits-learn				install
python-scipy					install
python-scrapy					install
python-secretstorage				install
python-serial					install
python-setuptools				install
python-simplegeneric				install
python-simplejson				install
python-sip					install
python-sip-dev					install
python-six					install
python-skimage					install
python-skimage-doc				install
python-skimage-lib				install
python-sklearn					install
python-sklearn-doc				install
python-sklearn-lib				install
python-support					install
python-talloc					install
python-tdb					install
python-tk					install
python-twisted-bin				install
python-twisted-conch				install
python-twisted-core				install
python-twisted-mail				install
python-twisted-names				install
python-twisted-web				install
python-tz					install
python-ubuntu-sso-client			install
python-urllib3					install
python-vcstools					install
python-vobject					install
python-vtk					install
python-w3lib					install
python-wadllib					install
python-wstool					install
python-wxgtk2.8					install
python-wxversion				install
python-xapian					install
python-xdg					install
python-yaml					install
python-zope.interface				install
python2.7					install
python2.7-dev					install
python2.7-minimal				install
python3						install
python3-apport					install
python3-apt					install
python3-aptdaemon				install
python3-aptdaemon.gtk3widgets			install
python3-chardet					install
python3-crypto					install
python3-dbus					install
python3-debian					install
python3-defer					install
python3-dev					install
python3-distupgrade				install
python3-gi					install
python3-httplib2				install
python3-minimal					install
python3-oauthlib				install
python3-oneconf					install
python3-piston-mini-client			install
python3-pkg-resources				install
python3-problem-report				install
python3-pycurl					install
python3-six					install
python3-software-properties			install
python3-update-manager				install
python3-xdg					install
python3-xkit					install
python3-xlib					install
python3.4					install
python3.4-dev					install
python3.4-minimal				install
qapt-batch					install
qdbus						install
qt4-linguist-tools				install
qt4-qmake					install
qtchooser					install
qtcore4-l10n					install
rarian-compat					install
readline-common					install
resolvconf					install
ristretto					install
robot-player					install
ros-indigo-actionlib				install
ros-indigo-actionlib-msgs			install
ros-indigo-actionlib-tutorials			install
ros-indigo-angles				install
ros-indigo-bond					install
ros-indigo-bond-core				install
ros-indigo-bondcpp				install
ros-indigo-bondpy				install
ros-indigo-camera-calibration			install
ros-indigo-camera-calibration-parsers		install
ros-indigo-camera-info-manager			install
ros-indigo-catkin				install
ros-indigo-class-loader				install
ros-indigo-cmake-modules			install
ros-indigo-collada-parser			install
ros-indigo-collada-urdf				install
ros-indigo-common-msgs				install
ros-indigo-common-tutorials			install
ros-indigo-compressed-depth-image-transport	install
ros-indigo-compressed-image-transport		install
ros-indigo-control-msgs				install
ros-indigo-cpp-common				install
ros-indigo-cv-bridge				install
ros-indigo-depth-image-proc			install
ros-indigo-desktop				install
ros-indigo-desktop-full				install
ros-indigo-diagnostic-aggregator		install
ros-indigo-diagnostic-analysis			install
ros-indigo-diagnostic-common-diagnostics	install
ros-indigo-diagnostic-msgs			install
ros-indigo-diagnostic-updater			install
ros-indigo-diagnostics				install
ros-indigo-driver-base				install
ros-indigo-dynamic-reconfigure			install
ros-indigo-eigen-conversions			install
ros-indigo-eigen-stl-containers			install
ros-indigo-executive-smach			install
ros-indigo-filters				install
ros-indigo-gazebo-msgs				install
ros-indigo-gazebo-plugins			install
ros-indigo-gazebo-ros				install
ros-indigo-gazebo-ros-pkgs			install
ros-indigo-gencpp				install
ros-indigo-genlisp				install
ros-indigo-genmsg				install
ros-indigo-genpy				install
ros-indigo-geometric-shapes			install
ros-indigo-geometry				install
ros-indigo-geometry-msgs			install
ros-indigo-geometry-tutorials			install
ros-indigo-image-common				install
ros-indigo-image-geometry			install
ros-indigo-image-pipeline			install
ros-indigo-image-proc				install
ros-indigo-image-rotate				install
ros-indigo-image-transport			install
ros-indigo-image-transport-plugins		install
ros-indigo-image-view				install
ros-indigo-interactive-marker-tutorials		install
ros-indigo-interactive-markers			install
ros-indigo-joint-state-publisher		install
ros-indigo-kdl-conversions			install
ros-indigo-kdl-parser				install
ros-indigo-laser-assembler			install
ros-indigo-laser-filters			install
ros-indigo-laser-geometry			install
ros-indigo-laser-pipeline			install
ros-indigo-librviz-tutorial			install
ros-indigo-map-msgs				install
ros-indigo-media-export				install
ros-indigo-message-filters			install
ros-indigo-message-generation			install
ros-indigo-message-runtime			install
ros-indigo-mk					install
ros-indigo-nav-msgs				install
ros-indigo-nodelet				install
ros-indigo-nodelet-core				install
ros-indigo-nodelet-topic-tools			install
ros-indigo-nodelet-tutorial-math		install
ros-indigo-octomap				install
ros-indigo-orocos-kdl				install
ros-indigo-pcl-conversions			install
ros-indigo-pcl-msgs				install
ros-indigo-pcl-ros				install
ros-indigo-perception				install
ros-indigo-perception-pcl			install
ros-indigo-pluginlib				install
ros-indigo-pluginlib-tutorials			install
ros-indigo-pointcloud-to-laserscan		install
ros-indigo-polled-camera			install
ros-indigo-python-orocos-kdl			install
ros-indigo-python-qt-binding			install
ros-indigo-qt-dotgraph				install
ros-indigo-qt-gui				install
ros-indigo-qt-gui-cpp				install
ros-indigo-qt-gui-py-common			install
ros-indigo-random-numbers			install
ros-indigo-resource-retriever			install
ros-indigo-robot				install
ros-indigo-robot-model				install
ros-indigo-robot-state-publisher		install
ros-indigo-ros					install
ros-indigo-ros-base				install
ros-indigo-ros-comm				install
ros-indigo-ros-core				install
ros-indigo-ros-tutorials			install
ros-indigo-rosbag				install
ros-indigo-rosbag-migration-rule		install
ros-indigo-rosbag-storage			install
ros-indigo-rosbash				install
ros-indigo-rosboost-cfg				install
ros-indigo-rosbuild				install
ros-indigo-rosclean				install
ros-indigo-rosconsole				install
ros-indigo-rosconsole-bridge			install
ros-indigo-roscpp				install
ros-indigo-roscpp-core				install
ros-indigo-roscpp-serialization			install
ros-indigo-roscpp-traits			install
ros-indigo-roscpp-tutorials			install
ros-indigo-roscreate				install
ros-indigo-rosgraph				install
ros-indigo-rosgraph-msgs			install
ros-indigo-roslang				install
ros-indigo-roslaunch				install
ros-indigo-roslib				install
ros-indigo-roslint				install
ros-indigo-roslisp				install
ros-indigo-roslz4				install
ros-indigo-rosmake				install
ros-indigo-rosmaster				install
ros-indigo-rosmsg				install
ros-indigo-rosnode				install
ros-indigo-rosout				install
ros-indigo-rospack				install
ros-indigo-rosparam				install
ros-indigo-rospy				install
ros-indigo-rospy-tutorials			install
ros-indigo-rosservice				install
ros-indigo-rostest				install
ros-indigo-rostime				install
ros-indigo-rostopic				install
ros-indigo-rosunit				install
ros-indigo-roswtf				install
ros-indigo-rqt-action				install
ros-indigo-rqt-bag				install
ros-indigo-rqt-bag-plugins			install
ros-indigo-rqt-common-plugins			install
ros-indigo-rqt-console				install
ros-indigo-rqt-dep				install
ros-indigo-rqt-graph				install
ros-indigo-rqt-gui				install
ros-indigo-rqt-gui-cpp				install
ros-indigo-rqt-gui-py				install
ros-indigo-rqt-image-view			install
ros-indigo-rqt-launch				install
ros-indigo-rqt-logger-level			install
ros-indigo-rqt-moveit				install
ros-indigo-rqt-msg				install
ros-indigo-rqt-nav-view				install
ros-indigo-rqt-plot				install
ros-indigo-rqt-pose-view			install
ros-indigo-rqt-publisher			install
ros-indigo-rqt-py-common			install
ros-indigo-rqt-py-console			install
ros-indigo-rqt-reconfigure			install
ros-indigo-rqt-robot-dashboard			install
ros-indigo-rqt-robot-monitor			install
ros-indigo-rqt-robot-plugins			install
ros-indigo-rqt-robot-steering			install
ros-indigo-rqt-runtime-monitor			install
ros-indigo-rqt-rviz				install
ros-indigo-rqt-service-caller			install
ros-indigo-rqt-shell				install
ros-indigo-rqt-srv				install
ros-indigo-rqt-tf-tree				install
ros-indigo-rqt-top				install
ros-indigo-rqt-topic				install
ros-indigo-rqt-web				install
ros-indigo-rviz					install
ros-indigo-rviz-plugin-tutorials		install
ros-indigo-rviz-python-tutorial			install
ros-indigo-self-test				install
ros-indigo-sensor-msgs				install
ros-indigo-shape-msgs				install
ros-indigo-shape-tools				install
ros-indigo-simulators				install
ros-indigo-smach				install
ros-indigo-smach-msgs				install
ros-indigo-smach-ros				install
ros-indigo-smclib				install
ros-indigo-stage				install
ros-indigo-stage-ros				install
ros-indigo-std-msgs				install
ros-indigo-std-srvs				install
ros-indigo-stereo-image-proc			install
ros-indigo-stereo-msgs				install
ros-indigo-tf					install
ros-indigo-tf-conversions			install
ros-indigo-tf2					install
ros-indigo-tf2-geometry-msgs			install
ros-indigo-tf2-msgs				install
ros-indigo-tf2-py				install
ros-indigo-tf2-ros				install
ros-indigo-tf2-sensor-msgs			install
ros-indigo-theora-image-transport		install
ros-indigo-topic-tools				install
ros-indigo-trajectory-msgs			install
ros-indigo-turtle-actionlib			install
ros-indigo-turtle-tf				install
ros-indigo-turtle-tf2				install
ros-indigo-turtlesim				install
ros-indigo-urdf					install
ros-indigo-urdf-parser-plugin			install
ros-indigo-urdf-tutorial			install
ros-indigo-vision-opencv			install
ros-indigo-visualization-marker-tutorials	install
ros-indigo-visualization-msgs			install
ros-indigo-visualization-tutorials		install
ros-indigo-viz					install
ros-indigo-xacro				install
ros-indigo-xmlrpcpp				install
rsync						install
rsyslog						install
rtkit						install
ruby						install
ruby-dev					install
ruby1.9.1					install
ruby1.9.1-dev					install
samba						install
samba-common					install
samba-common-bin				install
samba-dsdb-modules				install
samba-libs:amd64				install
samba-vfs-modules				install
sane-utils					install
sbcl						install
sed						install
sensible-utils					install
sessioninstaller				install
sgml-base					install
sgml-data					install
shared-desktop-ontologies			install
shared-mime-info				install
shiboken					install
shimmer-themes					install
silversearcher-ag				install
sip-dev						install
skype						deinstall
smbclient					install
software-center					install
software-center-aptdaemon-plugins		install
software-properties-common			install
software-properties-gtk				install
soprano-daemon					install
sound-theme-freedesktop				install
ssl-cert					install
subversion					install
sudo						install
synaptic					install
systemd-services				install
systemd-shim					install
sysv-rc						install
sysvinit-utils					install
t1utils						install
tango-icon-theme				install
tar						install
tcl						install
tcl-vtk						install
tcl8.6						install
tcl8.6-dev:amd64				install
tcpd						install
tdb-tools					install
texinfo						install
thunar						install
thunar-archive-plugin				install
thunar-data					install
thunar-media-tags-plugin			install
thunar-volman					install
tk						install
tk8.6						install
tk8.6-dev:amd64					install
tmux						install
touchpad-indicator				deinstall
tsconf						install
ttf-dejavu-core					install
ttf-mscorefonts-installer			install
ttf-ubuntu-font-family				install
ttf-wqy-microhei				install
tumbler						install
tumbler-common					install
tzdata						install
tzdata-java					install
ubuntu-drivers-common				install
ubuntu-extras-keyring				install
ubuntu-keyring					install
ubuntu-minimal					install
ubuntu-release-upgrader-core			install
ubuntu-release-upgrader-gtk			install
ubuntu-restricted-addons			install
ubuntu-restricted-extras			install
ubuntu-sso-client				install
ucf						install
udev						install
udisks2						install
unattended-upgrades				install
unclutter					install
unixodbc					install
unrar						install
unzip						install
update-inetd					install
update-manager					install
update-manager-core				install
update-notifier					install
update-notifier-common				install
upower						install
upstart						install
ureadahead					install
usbmuxd						install
usbutils					install
util-linux					install
uuid-dev					install
uuid-runtime					install
vim						install
vim-addon-manager				install
vim-common					install
vim-runtime					install
vim-syntax-gtk					install
vim-tiny					install
virtuoso-minimal				install
virtuoso-opensource-6.1-bin			install
virtuoso-opensource-6.1-common			install
vlc						install
vlc-data					install
vlc-nox						install
vlc-plugin-notify				install
vlc-plugin-pulse				install
w3m						install
wamerican					install
wbritish					install
webhttrack					install
webhttrack-common				install
wget						install
whiptail					install
winbind						install
wine						install
wine-gecko2.21:amd64				install
wine-gecko2.21:i386				install
wine-mono0.0.8					install
wine1.6						install
wine1.6-amd64					install
wine1.6-i386					install
winetricks					install
x11-apps					install
x11-common					install
x11-session-utils				install
x11-utils					install
x11-xfs-utils					install
x11-xkb-utils					install
x11-xserver-utils				install
x11proto-composite-dev				install
x11proto-core-dev				install
x11proto-damage-dev				install
x11proto-dri2-dev				install
x11proto-fixes-dev				install
x11proto-gl-dev					install
x11proto-input-dev				install
x11proto-kb-dev					install
x11proto-randr-dev				install
x11proto-render-dev				install
x11proto-scrnsaver-dev				install
x11proto-xext-dev				install
x11proto-xf86vidmode-dev			install
x11proto-xinerama-dev				install
xarchiver					install
xauth						install
xautomation					install
xbindkeys					install
xbitmaps					install
xdg-user-dirs					install
xdg-utils					install
xfburn						install
xfce4						install
xfce4-appfinder					install
xfce4-artwork					install
xfce4-battery-plugin				install
xfce4-clipman					install
xfce4-clipman-plugin				install
xfce4-cpufreq-plugin				install
xfce4-cpugraph-plugin				install
xfce4-datetime-plugin				install
xfce4-dict					install
xfce4-diskperf-plugin				install
xfce4-fsguard-plugin				install
xfce4-genmon-plugin				install
xfce4-goodies					install
xfce4-indicator-plugin				install
xfce4-mailwatch-plugin				install
xfce4-mixer					install
xfce4-mount-plugin				install
xfce4-netload-plugin				install
xfce4-notes					install
xfce4-notes-plugin				install
xfce4-notifyd					install
xfce4-panel					install
xfce4-places-plugin				install
xfce4-power-manager				install
xfce4-power-manager-data			install
xfce4-quicklauncher-plugin			install
xfce4-screenshooter				install
xfce4-sensors-plugin				install
xfce4-session					install
xfce4-settings					install
xfce4-smartbookmark-plugin			install
xfce4-systemload-plugin				install
xfce4-taskmanager				install
xfce4-terminal					install
xfce4-timer-plugin				install
xfce4-verve-plugin				install
xfce4-volumed					install
xfce4-wavelan-plugin				install
xfce4-weather-plugin				install
xfce4-whiskermenu-plugin			install
xfce4-xkb-plugin				install
xfconf						install
xfdesktop4					install
xfdesktop4-data					install
xfonts-base					install
xfonts-encodings				install
xfonts-scalable					install
xfonts-utils					install
xfwm4						install
xinit						install
xinput						install
xkb-data					install
xml-core					install
xorg						install
xorg-docs-core					install
xorg-sgml-doctools				install
xscreensaver-data				deinstall
xserver-common					install
xserver-xorg					install
xserver-xorg-core				install
xserver-xorg-input-all				install
xserver-xorg-input-evdev			install
xserver-xorg-input-mouse			install
xserver-xorg-input-synaptics			install
xserver-xorg-input-vmmouse			install
xserver-xorg-input-wacom			install
xserver-xorg-video-fbdev			install
xserver-xorg-video-intel			install
xterm						install
xtrans-dev					install
xubuntu-icon-theme				install
xul-ext-ubufox					install
xz-utils					install
yelp						install
yelp-xsl					install
zenity						install
zenity-common					install
zip						install
zlib1g:amd64					install
zlib1g:i386					install
zlib1g-dev:amd64				install
